Using pre-set license
Built from '6000.0/release' branch; Version is '6000.0.44f1 (101c91f3a8fb) revision 1055889'; Using compiler version '193933523'; Build Type 'Release'
OS: 'Windows 10  (10.0.19045) 64bit Core' Language: 'es' Physical Memory: 16315 MB
BatchMode: 1, IsHumanControllingUs: 0, StartBugReporterOnCrash: 0, Is64bit: 1, IsPro: 1

COMMAND LINE ARGUMENTS:
C:\Program Files\Unity\Hub\Editor\6000.0.44f1\Editor\Unity.exe
-adb2
-batchMode
-noUpm
-name
AssetImportWorker8
-projectPath
C:/Users/Alain Deleau/Desktop/Da Vinci/(Final Pendiente) Inteligencia Artificial 1/ElementsGame
-logFile
Logs/AssetImportWorker8.log
-srvPort
59639
-job-worker-count
5
-background-job-worker-count
8
-gc-helper-count
1
Successfully changed project path to: C:/Users/Alain Deleau/Desktop/Da Vinci/(Final Pendiente) Inteligencia Artificial 1/ElementsGame
C:/Users/Alain Deleau/Desktop/Da Vinci/(Final Pendiente) Inteligencia Artificial 1/ElementsGame
[UnityMemory] Configuration Parameters - Can be set up in boot.config
    "memorysetup-bucket-allocator-granularity=16"
    "memorysetup-bucket-allocator-bucket-count=8"
    "memorysetup-bucket-allocator-block-size=33554432"
    "memorysetup-bucket-allocator-block-count=8"
    "memorysetup-main-allocator-block-size=16777216"
    "memorysetup-thread-allocator-block-size=16777216"
    "memorysetup-gfx-main-allocator-block-size=16777216"
    "memorysetup-gfx-thread-allocator-block-size=16777216"
    "memorysetup-cache-allocator-block-size=4194304"
    "memorysetup-typetree-allocator-block-size=2097152"
    "memorysetup-profiler-bucket-allocator-granularity=16"
    "memorysetup-profiler-bucket-allocator-bucket-count=8"
    "memorysetup-profiler-bucket-allocator-block-size=33554432"
    "memorysetup-profiler-bucket-allocator-block-count=8"
    "memorysetup-profiler-allocator-block-size=16777216"
    "memorysetup-profiler-editor-allocator-block-size=1048576"
    "memorysetup-temp-allocator-size-main=16777216"
    "memorysetup-job-temp-allocator-block-size=2097152"
    "memorysetup-job-temp-allocator-block-size-background=1048576"
    "memorysetup-job-temp-allocator-reduction-small-platforms=262144"
    "memorysetup-allocator-temp-initial-block-size-main=262144"
    "memorysetup-allocator-temp-initial-block-size-worker=262144"
    "memorysetup-temp-allocator-size-background-worker=32768"
    "memorysetup-temp-allocator-size-job-worker=262144"
    "memorysetup-temp-allocator-size-preload-manager=33554432"
    "memorysetup-temp-allocator-size-nav-mesh-worker=65536"
    "memorysetup-temp-allocator-size-audio-worker=65536"
    "memorysetup-temp-allocator-size-cloud-worker=32768"
    "memorysetup-temp-allocator-size-gi-baking-worker=262144"
    "memorysetup-temp-allocator-size-gi-baking-worker=262144"
    "memorysetup-temp-allocator-size-gi-baking-worker=262144"
    "memorysetup-temp-allocator-size-gi-baking-worker=262144"
    "memorysetup-temp-allocator-size-gi-baking-worker=262144"
    "memorysetup-temp-allocator-size-gfx=262144"
Player connection [26460]  Target information:

Player connection [26460]  * "[IP] 192.168.0.5 [Port] 0 [Flags] 2 [Guid] 2016650713 [EditorId] 2016650713 [Version] 1048832 [Id] WindowsEditor(7,DESKTOP-NPM4VDT) [Debug] 1 [PackageName] WindowsEditor [ProjectName] Editor" 

Player connection [26460]  * "[IP] 172.16.0.2 [Port] 0 [Flags] 2 [Guid] 2016650713 [EditorId] 2016650713 [Version] 1048832 [Id] WindowsEditor(7,DESKTOP-NPM4VDT) [Debug] 1 [PackageName] WindowsEditor [ProjectName] Editor" 

Player connection [26460] Host joined multi-casting on [225.0.0.222:54997]...
Player connection [26460] Host joined alternative multi-casting on [225.0.0.222:34997]...
JobSystem: Creating JobQueue using job-worker-count value 5
Input System module state changed to: Initialized.
[Physics::Module] Initialized fallback backend.
[Physics::Module] Id: 0xdecafbad
Library Redirect Path: Library/
[Physics::Module] Selected backend.
[Physics::Module] Name: PhysX
[Physics::Module] Id: 0xf2b8ea05
[Physics::Module] SDK Version: 4.1.2
[Physics::Module] Integration Version: 1.0.0
[Physics::Module] Threading Mode: Multi-Threaded
Refreshing native plugins compatible for Editor in 3.49 ms, found 3 plugins.
Preloading 0 native plugins for Editor in 0.00 ms.
Initialize engine version: 6000.0.44f1 (101c91f3a8fb)
[Subsystems] Discovering subsystems at path C:/Program Files/Unity/Hub/Editor/6000.0.44f1/Editor/Data/Resources/UnitySubsystems
[Subsystems] Discovering subsystems at path C:/Users/Alain Deleau/Desktop/Da Vinci/(Final Pendiente) Inteligencia Artificial 1/ElementsGame/Assets
GfxDevice: creating device client; kGfxThreadingModeNonThreaded
Direct3D:
    Version:  Direct3D 11.0 [level 11.1]
    Renderer: NVIDIA GeForce RTX 2060 (ID=0x1f08)
    Vendor:   NVIDIA
    VRAM:     5954 MB
    Driver:   32.0.15.6094
Initialize mono
Mono path[0] = 'C:/Program Files/Unity/Hub/Editor/6000.0.44f1/Editor/Data/Managed'
Mono path[1] = 'C:/Program Files/Unity/Hub/Editor/6000.0.44f1/Editor/Data/MonoBleedingEdge/lib/mono/unityjit-win32'
Mono config path = 'C:/Program Files/Unity/Hub/Editor/6000.0.44f1/Editor/Data/MonoBleedingEdge/etc'
Using monoOptions --debugger-agent=transport=dt_socket,embedding=1,server=y,suspend=n,address=127.0.0.1:56076
Begin MonoManager ReloadAssembly
Registering precompiled unity dll's ...
Register platform support module: C:/Program Files/Unity/Hub/Editor/6000.0.44f1/Editor/Data/PlaybackEngines/WindowsStandaloneSupport/UnityEditor.WindowsStandalone.Extensions.dll
Registered in 0.007746 seconds.
- Loaded All Assemblies, in  0.661 seconds
Native extension for WindowsStandalone target not found
Mono: successfully reloaded assembly
- Finished resetting the current domain, in  0.669 seconds
Domain Reload Profiling: 1323ms
	BeginReloadAssembly (212ms)
		ExecutionOrderSort (0ms)
		DisableScriptedObjects (0ms)
		BackupInstance (0ms)
		ReleaseScriptingObjects (0ms)
		CreateAndSetChildDomain (1ms)
	RebuildCommonClasses (56ms)
	RebuildNativeTypeToScriptingClass (19ms)
	initialDomainReloadingComplete (80ms)
	LoadAllAssembliesAndSetupDomain (285ms)
		LoadAssemblies (205ms)
		RebuildTransferFunctionScriptingTraits (0ms)
		AnalyzeDomain (280ms)
			TypeCache.Refresh (278ms)
				TypeCache.ScanAssembly (255ms)
			BuildScriptInfoCaches (0ms)
			ResolveRequiredComponents (1ms)
	FinalizeReload (670ms)
		ReleaseScriptCaches (0ms)
		RebuildScriptCaches (0ms)
		SetupLoadedEditorAssemblies (560ms)
			LogAssemblyErrors (0ms)
			InitializePlatformSupportModulesInManaged (68ms)
			SetLoadedEditorAssemblies (7ms)
			BeforeProcessingInitializeOnLoad (95ms)
			ProcessInitializeOnLoadAttributes (286ms)
			ProcessInitializeOnLoadMethodAttributes (104ms)
			AfterProcessingInitializeOnLoad (0ms)
			EditorAssembliesLoaded (0ms)
		ExecutionOrderSort2 (0ms)
		AwakeInstancesAfterBackupRestoration (0ms)
========================================================================
Worker process is ready to serve import requests
Import Worker Mode flag is 0x00
Begin MonoManager ReloadAssembly
- Loaded All Assemblies, in  1.381 seconds
Refreshing native plugins compatible for Editor in 2.33 ms, found 3 plugins.
Native extension for WindowsStandalone target not found
Mono: successfully reloaded assembly
- Finished resetting the current domain, in  1.337 seconds
Domain Reload Profiling: 2700ms
	BeginReloadAssembly (292ms)
		ExecutionOrderSort (0ms)
		DisableScriptedObjects (9ms)
		BackupInstance (0ms)
		ReleaseScriptingObjects (0ms)
		CreateAndSetChildDomain (39ms)
	RebuildCommonClasses (66ms)
	RebuildNativeTypeToScriptingClass (22ms)
	initialDomainReloadingComplete (93ms)
	LoadAllAssembliesAndSetupDomain (889ms)
		LoadAssemblies (673ms)
		RebuildTransferFunctionScriptingTraits (0ms)
		AnalyzeDomain (399ms)
			TypeCache.Refresh (292ms)
				TypeCache.ScanAssembly (268ms)
			BuildScriptInfoCaches (89ms)
			ResolveRequiredComponents (15ms)
	FinalizeReload (1338ms)
		ReleaseScriptCaches (0ms)
		RebuildScriptCaches (0ms)
		SetupLoadedEditorAssemblies (1042ms)
			LogAssemblyErrors (0ms)
			InitializePlatformSupportModulesInManaged (4ms)
			SetLoadedEditorAssemblies (8ms)
			BeforeProcessingInitializeOnLoad (226ms)
			ProcessInitializeOnLoadAttributes (634ms)
			ProcessInitializeOnLoadMethodAttributes (152ms)
			AfterProcessingInitializeOnLoad (17ms)
			EditorAssembliesLoaded (1ms)
		ExecutionOrderSort2 (0ms)
		AwakeInstancesAfterBackupRestoration (11ms)
Launched and connected shader compiler UnityShaderCompiler.exe after 0.02 seconds
Refreshing native plugins compatible for Editor in 2.31 ms, found 3 plugins.
Preloading 0 native plugins for Editor in 0.00 ms.
Unloading 203 Unused Serialized files (Serialized files now loaded: 0)
Unloading 6163 unused Assets / (4.5 MB). Loaded Objects now: 6854.
Memory consumption went from 159.9 MB to 155.4 MB.
Total: 15.436200 ms (FindLiveObjects: 1.161900 ms CreateObjectMapping: 1.379800 ms MarkObjects: 7.863600 ms  DeleteObjects: 5.028700 ms)

========================================================================
Received Import Request.
  Time since last request: 84144.892776 seconds.
  path: Assets/Art_Blocking/Prefab5.prefab
  artifactKey: Guid(b7b9be7a5cbc8cd488fd8e3d77a3856d) Importer(815301076,1909f56bfc062723c751e8b465ee728b)
Start importing Assets/Art_Blocking/Prefab5.prefab using Guid(b7b9be7a5cbc8cd488fd8e3d77a3856d) Importer(815301076,1909f56bfc062723c751e8b465ee728b) (PreviewImporter) -> (artifact id: 'b795f4b6fab933c172455e9435b06794') in 0.7917788 seconds
Number of updated asset objects reloaded before import = 0Number of asset objects unloaded after import = 548

========================================================================
Received Import Request.
  Time since last request: 10.086298 seconds.
  path: Assets/Art_Blocking/Prefab6.prefab
  artifactKey: Guid(e81b2384ee20ad648b7114553f9d75e7) Importer(815301076,1909f56bfc062723c751e8b465ee728b)
Start importing Assets/Art_Blocking/Prefab6.prefab using Guid(e81b2384ee20ad648b7114553f9d75e7) Importer(815301076,1909f56bfc062723c751e8b465ee728b) (PreviewImporter) -> (artifact id: '8d477eeab2ccc08cfe540aa1602b52ac') in 0.0540669 seconds
Number of updated asset objects reloaded before import = 0Number of asset objects unloaded after import = 703

========================================================================
Received Import Request.
  Time since last request: 1082.898034 seconds.
  path: Assets/Art_Blocking/Prefab6.prefab
  artifactKey: Guid(e81b2384ee20ad648b7114553f9d75e7) Importer(815301076,1909f56bfc062723c751e8b465ee728b)
Start importing Assets/Art_Blocking/Prefab6.prefab using Guid(e81b2384ee20ad648b7114553f9d75e7) Importer(815301076,1909f56bfc062723c751e8b465ee728b) (PreviewImporter) -> (artifact id: 'dc2d6a29a4581cd85104f17fa7620cde') in 0.0764746 seconds
Number of updated asset objects reloaded before import = 0Number of asset objects unloaded after import = 705

========================================================================
Received Import Request.
  Time since last request: 2.255958 seconds.
  path: Assets/Art_Blocking/Prefab8.prefab
  artifactKey: Guid(1eb4316eaac90314ab4845ad4c2dd294) Importer(815301076,1909f56bfc062723c751e8b465ee728b)
Start importing Assets/Art_Blocking/Prefab8.prefab using Guid(1eb4316eaac90314ab4845ad4c2dd294) Importer(815301076,1909f56bfc062723c751e8b465ee728b) (PreviewImporter) -> (artifact id: '6ea236aefc89b7b775899ad9060e899a') in 0.0484324 seconds
Number of updated asset objects reloaded before import = 0Number of asset objects unloaded after import = 118

========================================================================
Received Import Request.
  Time since last request: 65.041697 seconds.
  path: Assets/Art_Blocking/Prefab8.prefab
  artifactKey: Guid(1eb4316eaac90314ab4845ad4c2dd294) Importer(815301076,1909f56bfc062723c751e8b465ee728b)
Start importing Assets/Art_Blocking/Prefab8.prefab using Guid(1eb4316eaac90314ab4845ad4c2dd294) Importer(815301076,1909f56bfc062723c751e8b465ee728b) (PreviewImporter) -> (artifact id: 'ac4eb99d0f1a08d03ca5209bcee6ae40') in 0.0527525 seconds
Number of updated asset objects reloaded before import = 0Number of asset objects unloaded after import = 113

========================================================================
Received Import Request.
  Time since last request: 436.453590 seconds.
  path: Assets/Art_Blocking/Prefab8.prefab
  artifactKey: Guid(1eb4316eaac90314ab4845ad4c2dd294) Importer(815301076,1909f56bfc062723c751e8b465ee728b)
Start importing Assets/Art_Blocking/Prefab8.prefab using Guid(1eb4316eaac90314ab4845ad4c2dd294) Importer(815301076,1909f56bfc062723c751e8b465ee728b) (PreviewImporter) -> (artifact id: 'bdfd3bdda7ab9e21254a79f1d5d1869e') in 0.0567141 seconds
Number of updated asset objects reloaded before import = 0Number of asset objects unloaded after import = 115

========================================================================
Received Import Request.
  Time since last request: 18.061076 seconds.
  path: Assets/Art_Blocking/Prefab7.prefab
  artifactKey: Guid(3b309a707a69db44b884960451642106) Importer(815301076,1909f56bfc062723c751e8b465ee728b)
Start importing Assets/Art_Blocking/Prefab7.prefab using Guid(3b309a707a69db44b884960451642106) Importer(815301076,1909f56bfc062723c751e8b465ee728b) (PreviewImporter) -> (artifact id: '7a7dd5321ff0bf80e3746645e51e888c') in 0.0474522 seconds
Number of updated asset objects reloaded before import = 0Number of asset objects unloaded after import = 494

========================================================================
Received Import Request.
  Time since last request: 1.121575 seconds.
  path: Assets/Art_Blocking/Prefab7.prefab
  artifactKey: Guid(3b309a707a69db44b884960451642106) Importer(815301076,1909f56bfc062723c751e8b465ee728b)
Start importing Assets/Art_Blocking/Prefab7.prefab using Guid(3b309a707a69db44b884960451642106) Importer(815301076,1909f56bfc062723c751e8b465ee728b) (PreviewImporter) -> (artifact id: '0bddae4b635c204a6d092a1f031f1a0a') in 0.0503946 seconds
Number of updated asset objects reloaded before import = 0Number of asset objects unloaded after import = 494

========================================================================
Received Import Request.
  Time since last request: 0.918201 seconds.
  path: Assets/Art_Blocking/Prefab7.prefab
  artifactKey: Guid(3b309a707a69db44b884960451642106) Importer(815301076,1909f56bfc062723c751e8b465ee728b)
Start importing Assets/Art_Blocking/Prefab7.prefab using Guid(3b309a707a69db44b884960451642106) Importer(815301076,1909f56bfc062723c751e8b465ee728b) (PreviewImporter) -> (artifact id: 'cf1e4e20c1499cba7ef738b72052ab77') in 0.0531617 seconds
Number of updated asset objects reloaded before import = 0Number of asset objects unloaded after import = 494

========================================================================
Received Import Request.
  Time since last request: 2.907635 seconds.
  path: Assets/Art_Blocking/Prefab7.prefab
  artifactKey: Guid(3b309a707a69db44b884960451642106) Importer(815301076,1909f56bfc062723c751e8b465ee728b)
Start importing Assets/Art_Blocking/Prefab7.prefab using Guid(3b309a707a69db44b884960451642106) Importer(815301076,1909f56bfc062723c751e8b465ee728b) (PreviewImporter) -> (artifact id: '8e6ff1b80b24df46bb5fdc76aafdcc59') in 0.0502761 seconds
Number of updated asset objects reloaded before import = 0Number of asset objects unloaded after import = 495

========================================================================
Received Import Request.
  Time since last request: 2.935499 seconds.
  path: Assets/Art_Blocking/Prefab7.prefab
  artifactKey: Guid(3b309a707a69db44b884960451642106) Importer(815301076,1909f56bfc062723c751e8b465ee728b)
Start importing Assets/Art_Blocking/Prefab7.prefab using Guid(3b309a707a69db44b884960451642106) Importer(815301076,1909f56bfc062723c751e8b465ee728b) (PreviewImporter) -> (artifact id: '7e36e1b844ad52f4ae9f895624483d9d') in 0.0474208 seconds
Number of updated asset objects reloaded before import = 0Number of asset objects unloaded after import = 495

========================================================================
Received Import Request.
  Time since last request: 0.120751 seconds.
  path: Assets/Art_Blocking/Prefab7.prefab
  artifactKey: Guid(3b309a707a69db44b884960451642106) Importer(815301076,1909f56bfc062723c751e8b465ee728b)
Start importing Assets/Art_Blocking/Prefab7.prefab using Guid(3b309a707a69db44b884960451642106) Importer(815301076,1909f56bfc062723c751e8b465ee728b) (PreviewImporter) -> (artifact id: 'e59b2269a9da18ff5b4828f919153951') in 0.0659117 seconds
Number of updated asset objects reloaded before import = 0Number of asset objects unloaded after import = 495

========================================================================
Received Import Request.
  Time since last request: 2.826243 seconds.
  path: Assets/Art_Blocking/Prefab7.prefab
  artifactKey: Guid(3b309a707a69db44b884960451642106) Importer(815301076,1909f56bfc062723c751e8b465ee728b)
Start importing Assets/Art_Blocking/Prefab7.prefab using Guid(3b309a707a69db44b884960451642106) Importer(815301076,1909f56bfc062723c751e8b465ee728b) (PreviewImporter) -> (artifact id: 'd0f629c22678d741c31d017642a808cd') in 0.0218178 seconds
Number of updated asset objects reloaded before import = 0Number of asset objects unloaded after import = 449

========================================================================
Received Prepare
Begin MonoManager ReloadAssembly
- Loaded All Assemblies, in  1.376 seconds
Refreshing native plugins compatible for Editor in 2.13 ms, found 3 plugins.
Native extension for WindowsStandalone target not found
Mono: successfully reloaded assembly
- Finished resetting the current domain, in  1.238 seconds
Domain Reload Profiling: 2603ms
	BeginReloadAssembly (373ms)
		ExecutionOrderSort (0ms)
		DisableScriptedObjects (36ms)
		BackupInstance (0ms)
		ReleaseScriptingObjects (1ms)
		CreateAndSetChildDomain (99ms)
	RebuildCommonClasses (69ms)
	RebuildNativeTypeToScriptingClass (20ms)
	initialDomainReloadingComplete (57ms)
	LoadAllAssembliesAndSetupDomain (845ms)
		LoadAssemblies (682ms)
		RebuildTransferFunctionScriptingTraits (0ms)
		AnalyzeDomain (326ms)
			TypeCache.Refresh (10ms)
				TypeCache.ScanAssembly (0ms)
			BuildScriptInfoCaches (292ms)
			ResolveRequiredComponents (16ms)
	FinalizeReload (1239ms)
		ReleaseScriptCaches (0ms)
		RebuildScriptCaches (0ms)
		SetupLoadedEditorAssemblies (924ms)
			LogAssemblyErrors (0ms)
			InitializePlatformSupportModulesInManaged (3ms)
			SetLoadedEditorAssemblies (6ms)
			BeforeProcessingInitializeOnLoad (210ms)
			ProcessInitializeOnLoadAttributes (592ms)
			ProcessInitializeOnLoadMethodAttributes (97ms)
			AfterProcessingInitializeOnLoad (15ms)
			EditorAssembliesLoaded (0ms)
		ExecutionOrderSort2 (0ms)
		AwakeInstancesAfterBackupRestoration (25ms)
Refreshing native plugins compatible for Editor in 2.85 ms, found 3 plugins.
Preloading 0 native plugins for Editor in 0.00 ms.
Unloading 25 Unused Serialized files (Serialized files now loaded: 0)
Unloading 6162 unused Assets / (4.5 MB). Loaded Objects now: 6906.
Memory consumption went from 153.8 MB to 149.3 MB.
Total: 14.264900 ms (FindLiveObjects: 1.153600 ms CreateObjectMapping: 1.198100 ms MarkObjects: 8.556700 ms  DeleteObjects: 3.355100 ms)

Prepare: number of updated asset objects reloaded= 0
========================================================================
Received Import Request.
  Time since last request: 658.658049 seconds.
  path: Assets/Art_Blocking/Prefab7.prefab
  artifactKey: Guid(3b309a707a69db44b884960451642106) Importer(815301076,1909f56bfc062723c751e8b465ee728b)
Start importing Assets/Art_Blocking/Prefab7.prefab using Guid(3b309a707a69db44b884960451642106) Importer(815301076,1909f56bfc062723c751e8b465ee728b) (PreviewImporter) -> (artifact id: '5bb132ce00de15dcda44991ed9851f8e') in 0.9224395 seconds
Number of updated asset objects reloaded before import = 0Number of asset objects unloaded after import = 501

========================================================================
Received Import Request.
  Time since last request: 10.038187 seconds.
  path: Assets/Art_Blocking/Prefab1.prefab
  artifactKey: Guid(a42663f4484192241a458b78725991d5) Importer(815301076,1909f56bfc062723c751e8b465ee728b)
Start importing Assets/Art_Blocking/Prefab1.prefab using Guid(a42663f4484192241a458b78725991d5) Importer(815301076,1909f56bfc062723c751e8b465ee728b) (PreviewImporter) -> (artifact id: '7c6ebfe141c225683fb3232d8f640a5f') in 0.055609 seconds
Number of updated asset objects reloaded before import = 0Number of asset objects unloaded after import = 411

========================================================================
Received Import Request.
  Time since last request: 10.151229 seconds.
  path: Assets/Art_Blocking/Prefab1.prefab
  artifactKey: Guid(a42663f4484192241a458b78725991d5) Importer(815301076,1909f56bfc062723c751e8b465ee728b)
Start importing Assets/Art_Blocking/Prefab1.prefab using Guid(a42663f4484192241a458b78725991d5) Importer(815301076,1909f56bfc062723c751e8b465ee728b) (PreviewImporter) -> (artifact id: 'f77e672b4b67a9529f76bbaf04fdee08') in 0.0518078 seconds
Number of updated asset objects reloaded before import = 0Number of asset objects unloaded after import = 412

========================================================================
Received Import Request.
  Time since last request: 2.520606 seconds.
  path: Assets/Art_Blocking/Prefab1.prefab
  artifactKey: Guid(a42663f4484192241a458b78725991d5) Importer(815301076,1909f56bfc062723c751e8b465ee728b)
Start importing Assets/Art_Blocking/Prefab1.prefab using Guid(a42663f4484192241a458b78725991d5) Importer(815301076,1909f56bfc062723c751e8b465ee728b) (PreviewImporter) -> (artifact id: '008916a7a632b0d9d5d2e40371455f51') in 0.0526333 seconds
Number of updated asset objects reloaded before import = 0Number of asset objects unloaded after import = 413

========================================================================
Received Import Request.
  Time since last request: 3.010553 seconds.
  path: Assets/Art_Blocking/Prefab1.prefab
  artifactKey: Guid(a42663f4484192241a458b78725991d5) Importer(815301076,1909f56bfc062723c751e8b465ee728b)
Start importing Assets/Art_Blocking/Prefab1.prefab using Guid(a42663f4484192241a458b78725991d5) Importer(815301076,1909f56bfc062723c751e8b465ee728b) (PreviewImporter) -> (artifact id: 'c47ea5dc21f8f513ba12cdce0abc040c') in 0.0527594 seconds
Number of updated asset objects reloaded before import = 0Number of asset objects unloaded after import = 414

========================================================================
Received Import Request.
  Time since last request: 7.711850 seconds.
  path: Assets/Art_Blocking/Prefab2.prefab
  artifactKey: Guid(b2e8947720769c84aaa94829bf7ff6a2) Importer(815301076,1909f56bfc062723c751e8b465ee728b)
Start importing Assets/Art_Blocking/Prefab2.prefab using Guid(b2e8947720769c84aaa94829bf7ff6a2) Importer(815301076,1909f56bfc062723c751e8b465ee728b) (PreviewImporter) -> (artifact id: '95c3b2e37f801a198e971583ed7b760c') in 0.061606 seconds
Number of updated asset objects reloaded before import = 0Number of asset objects unloaded after import = 649

========================================================================
Received Import Request.
  Time since last request: 2.921404 seconds.
  path: Assets/Art_Blocking/Prefab2.prefab
  artifactKey: Guid(b2e8947720769c84aaa94829bf7ff6a2) Importer(815301076,1909f56bfc062723c751e8b465ee728b)
Start importing Assets/Art_Blocking/Prefab2.prefab using Guid(b2e8947720769c84aaa94829bf7ff6a2) Importer(815301076,1909f56bfc062723c751e8b465ee728b) (PreviewImporter) -> (artifact id: 'df94d68d4a26fa98f96e40ac61cda381') in 0.0550916 seconds
Number of updated asset objects reloaded before import = 0Number of asset objects unloaded after import = 650

========================================================================
Received Import Request.
  Time since last request: 2.333737 seconds.
  path: Assets/Art_Blocking/Prefab2.prefab
  artifactKey: Guid(b2e8947720769c84aaa94829bf7ff6a2) Importer(815301076,1909f56bfc062723c751e8b465ee728b)
Start importing Assets/Art_Blocking/Prefab2.prefab using Guid(b2e8947720769c84aaa94829bf7ff6a2) Importer(815301076,1909f56bfc062723c751e8b465ee728b) (PreviewImporter) -> (artifact id: '09165447c9c6abc50fb1f20a6c578255') in 0.0609326 seconds
Number of updated asset objects reloaded before import = 0Number of asset objects unloaded after import = 651

========================================================================
Received Import Request.
  Time since last request: 2.150915 seconds.
  path: Assets/Art_Blocking/Prefab2.prefab
  artifactKey: Guid(b2e8947720769c84aaa94829bf7ff6a2) Importer(815301076,1909f56bfc062723c751e8b465ee728b)
Start importing Assets/Art_Blocking/Prefab2.prefab using Guid(b2e8947720769c84aaa94829bf7ff6a2) Importer(815301076,1909f56bfc062723c751e8b465ee728b) (PreviewImporter) -> (artifact id: '10c8812a4bd7b59173be6f6a1790f449') in 0.0558118 seconds
Number of updated asset objects reloaded before import = 0Number of asset objects unloaded after import = 652

========================================================================
Received Import Request.
  Time since last request: 7.689039 seconds.
  path: Assets/Art_Blocking/Prefab3.prefab
  artifactKey: Guid(968e7dd28906ddc46a103207a6cc5c79) Importer(815301076,1909f56bfc062723c751e8b465ee728b)
Start importing Assets/Art_Blocking/Prefab3.prefab using Guid(968e7dd28906ddc46a103207a6cc5c79) Importer(815301076,1909f56bfc062723c751e8b465ee728b) (PreviewImporter) -> (artifact id: '7e07d6c23d1f127a2e08f2e1d13350b1') in 0.0563958 seconds
Number of updated asset objects reloaded before import = 0Number of asset objects unloaded after import = 358

========================================================================
Received Import Request.
  Time since last request: 2.161719 seconds.
  path: Assets/Art_Blocking/Prefab3.prefab
  artifactKey: Guid(968e7dd28906ddc46a103207a6cc5c79) Importer(815301076,1909f56bfc062723c751e8b465ee728b)
Start importing Assets/Art_Blocking/Prefab3.prefab using Guid(968e7dd28906ddc46a103207a6cc5c79) Importer(815301076,1909f56bfc062723c751e8b465ee728b) (PreviewImporter) -> (artifact id: '079ffb51eb182837a24653c72f3e83d3') in 0.0770013 seconds
Number of updated asset objects reloaded before import = 0Number of asset objects unloaded after import = 359

========================================================================
Received Import Request.
  Time since last request: 2.698011 seconds.
  path: Assets/Art_Blocking/Prefab3.prefab
  artifactKey: Guid(968e7dd28906ddc46a103207a6cc5c79) Importer(815301076,1909f56bfc062723c751e8b465ee728b)
Start importing Assets/Art_Blocking/Prefab3.prefab using Guid(968e7dd28906ddc46a103207a6cc5c79) Importer(815301076,1909f56bfc062723c751e8b465ee728b) (PreviewImporter) -> (artifact id: '8dc3444b70be98bff2261ccf1c0e1793') in 0.0685038 seconds
Number of updated asset objects reloaded before import = 0Number of asset objects unloaded after import = 360

========================================================================
Received Import Request.
  Time since last request: 2.218513 seconds.
  path: Assets/Art_Blocking/Prefab3.prefab
  artifactKey: Guid(968e7dd28906ddc46a103207a6cc5c79) Importer(815301076,1909f56bfc062723c751e8b465ee728b)
Start importing Assets/Art_Blocking/Prefab3.prefab using Guid(968e7dd28906ddc46a103207a6cc5c79) Importer(815301076,1909f56bfc062723c751e8b465ee728b) (PreviewImporter) -> (artifact id: '1b7971a512b5e4d1dd7cf6674438469d') in 0.0568912 seconds
Number of updated asset objects reloaded before import = 0Number of asset objects unloaded after import = 361

========================================================================
Received Import Request.
  Time since last request: 6.429985 seconds.
  path: Assets/Art_Blocking/Prefab4.prefab
  artifactKey: Guid(23bc7153c8c333745bce23312a3c7d48) Importer(815301076,1909f56bfc062723c751e8b465ee728b)
Start importing Assets/Art_Blocking/Prefab4.prefab using Guid(23bc7153c8c333745bce23312a3c7d48) Importer(815301076,1909f56bfc062723c751e8b465ee728b) (PreviewImporter) -> (artifact id: '0093507649fc98f0df4923148e137527') in 0.0644126 seconds
Number of updated asset objects reloaded before import = 0Number of asset objects unloaded after import = 487

========================================================================
Received Import Request.
  Time since last request: 2.142714 seconds.
  path: Assets/Art_Blocking/Prefab4.prefab
  artifactKey: Guid(23bc7153c8c333745bce23312a3c7d48) Importer(815301076,1909f56bfc062723c751e8b465ee728b)
Start importing Assets/Art_Blocking/Prefab4.prefab using Guid(23bc7153c8c333745bce23312a3c7d48) Importer(815301076,1909f56bfc062723c751e8b465ee728b) (PreviewImporter) -> (artifact id: 'e0dc7963653f02bf56cd1c82bdecf0f3') in 0.0606869 seconds
Number of updated asset objects reloaded before import = 0Number of asset objects unloaded after import = 488

========================================================================
Received Import Request.
  Time since last request: 2.573398 seconds.
  path: Assets/Art_Blocking/Prefab4.prefab
  artifactKey: Guid(23bc7153c8c333745bce23312a3c7d48) Importer(815301076,1909f56bfc062723c751e8b465ee728b)
Start importing Assets/Art_Blocking/Prefab4.prefab using Guid(23bc7153c8c333745bce23312a3c7d48) Importer(815301076,1909f56bfc062723c751e8b465ee728b) (PreviewImporter) -> (artifact id: 'a97615ba57e92a4fa0facc238e3e9efa') in 0.0574851 seconds
Number of updated asset objects reloaded before import = 0Number of asset objects unloaded after import = 489

========================================================================
Received Import Request.
  Time since last request: 1.988107 seconds.
  path: Assets/Art_Blocking/Prefab4.prefab
  artifactKey: Guid(23bc7153c8c333745bce23312a3c7d48) Importer(815301076,1909f56bfc062723c751e8b465ee728b)
Start importing Assets/Art_Blocking/Prefab4.prefab using Guid(23bc7153c8c333745bce23312a3c7d48) Importer(815301076,1909f56bfc062723c751e8b465ee728b) (PreviewImporter) -> (artifact id: '37d8d5b813971ae0bbef70139c52fed0') in 0.0633796 seconds
Number of updated asset objects reloaded before import = 0Number of asset objects unloaded after import = 490

========================================================================
Received Import Request.
  Time since last request: 5.397514 seconds.
  path: Assets/Art_Blocking/Prefab5.prefab
  artifactKey: Guid(b7b9be7a5cbc8cd488fd8e3d77a3856d) Importer(815301076,1909f56bfc062723c751e8b465ee728b)
Start importing Assets/Art_Blocking/Prefab5.prefab using Guid(b7b9be7a5cbc8cd488fd8e3d77a3856d) Importer(815301076,1909f56bfc062723c751e8b465ee728b) (PreviewImporter) -> (artifact id: '542868e8fdff121111fc0d4772298797') in 0.0563407 seconds
Number of updated asset objects reloaded before import = 0Number of asset objects unloaded after import = 549

========================================================================
Received Import Request.
  Time since last request: 2.946315 seconds.
  path: Assets/Art_Blocking/Prefab5.prefab
  artifactKey: Guid(b7b9be7a5cbc8cd488fd8e3d77a3856d) Importer(815301076,1909f56bfc062723c751e8b465ee728b)
Start importing Assets/Art_Blocking/Prefab5.prefab using Guid(b7b9be7a5cbc8cd488fd8e3d77a3856d) Importer(815301076,1909f56bfc062723c751e8b465ee728b) (PreviewImporter) -> (artifact id: '8bdc3e8fda630d14884b30dc791b3dd2') in 0.058023 seconds
Number of updated asset objects reloaded before import = 0Number of asset objects unloaded after import = 550

========================================================================
Received Import Request.
  Time since last request: 2.503355 seconds.
  path: Assets/Art_Blocking/Prefab5.prefab
  artifactKey: Guid(b7b9be7a5cbc8cd488fd8e3d77a3856d) Importer(815301076,1909f56bfc062723c751e8b465ee728b)
Start importing Assets/Art_Blocking/Prefab5.prefab using Guid(b7b9be7a5cbc8cd488fd8e3d77a3856d) Importer(815301076,1909f56bfc062723c751e8b465ee728b) (PreviewImporter) -> (artifact id: 'b5936ce05b799dd95ba92e325f387a1b') in 0.0525362 seconds
Number of updated asset objects reloaded before import = 0Number of asset objects unloaded after import = 551

========================================================================
Received Import Request.
  Time since last request: 2.733930 seconds.
  path: Assets/Art_Blocking/Prefab5.prefab
  artifactKey: Guid(b7b9be7a5cbc8cd488fd8e3d77a3856d) Importer(815301076,1909f56bfc062723c751e8b465ee728b)
Start importing Assets/Art_Blocking/Prefab5.prefab using Guid(b7b9be7a5cbc8cd488fd8e3d77a3856d) Importer(815301076,1909f56bfc062723c751e8b465ee728b) (PreviewImporter) -> (artifact id: 'd248e33f1b98941723237c8776bd57e8') in 0.0576675 seconds
Number of updated asset objects reloaded before import = 0Number of asset objects unloaded after import = 552

========================================================================
Received Import Request.
  Time since last request: 7.264244 seconds.
  path: Assets/Art_Blocking/Prefab6.prefab
  artifactKey: Guid(e81b2384ee20ad648b7114553f9d75e7) Importer(815301076,1909f56bfc062723c751e8b465ee728b)
Start importing Assets/Art_Blocking/Prefab6.prefab using Guid(e81b2384ee20ad648b7114553f9d75e7) Importer(815301076,1909f56bfc062723c751e8b465ee728b) (PreviewImporter) -> (artifact id: 'ed319ae6f9d4d41a9e46ac9ecaf59cde') in 0.0609905 seconds
Number of updated asset objects reloaded before import = 0Number of asset objects unloaded after import = 706

========================================================================
Received Import Request.
  Time since last request: 2.446014 seconds.
  path: Assets/Art_Blocking/Prefab6.prefab
  artifactKey: Guid(e81b2384ee20ad648b7114553f9d75e7) Importer(815301076,1909f56bfc062723c751e8b465ee728b)
Start importing Assets/Art_Blocking/Prefab6.prefab using Guid(e81b2384ee20ad648b7114553f9d75e7) Importer(815301076,1909f56bfc062723c751e8b465ee728b) (PreviewImporter) -> (artifact id: '27e72a0a75387897973f5af3a4588bc1') in 0.1879575 seconds
Number of updated asset objects reloaded before import = 0Number of asset objects unloaded after import = 707

========================================================================
Received Import Request.
  Time since last request: 2.592246 seconds.
  path: Assets/Art_Blocking/Prefab6.prefab
  artifactKey: Guid(e81b2384ee20ad648b7114553f9d75e7) Importer(815301076,1909f56bfc062723c751e8b465ee728b)
Start importing Assets/Art_Blocking/Prefab6.prefab using Guid(e81b2384ee20ad648b7114553f9d75e7) Importer(815301076,1909f56bfc062723c751e8b465ee728b) (PreviewImporter) -> (artifact id: '09284ce0bdbdc4feaa37d5d70527d6ce') in 0.0620677 seconds
Number of updated asset objects reloaded before import = 0Number of asset objects unloaded after import = 708

========================================================================
Received Import Request.
  Time since last request: 2.267299 seconds.
  path: Assets/Art_Blocking/Prefab6.prefab
  artifactKey: Guid(e81b2384ee20ad648b7114553f9d75e7) Importer(815301076,1909f56bfc062723c751e8b465ee728b)
Start importing Assets/Art_Blocking/Prefab6.prefab using Guid(e81b2384ee20ad648b7114553f9d75e7) Importer(815301076,1909f56bfc062723c751e8b465ee728b) (PreviewImporter) -> (artifact id: '98b82539d8a322ecb9abe68fa76e04d3') in 0.0597178 seconds
Number of updated asset objects reloaded before import = 0Number of asset objects unloaded after import = 709

========================================================================
Received Import Request.
  Time since last request: 4.403501 seconds.
  path: Assets/Art_Blocking/Prefab7.prefab
  artifactKey: Guid(3b309a707a69db44b884960451642106) Importer(815301076,1909f56bfc062723c751e8b465ee728b)
Start importing Assets/Art_Blocking/Prefab7.prefab using Guid(3b309a707a69db44b884960451642106) Importer(815301076,1909f56bfc062723c751e8b465ee728b) (PreviewImporter) -> (artifact id: '6711ebecd7fb49440b3daf6298fc59fd') in 0.054793 seconds
Number of updated asset objects reloaded before import = 0Number of asset objects unloaded after import = 502

========================================================================
Received Import Request.
  Time since last request: 6.268373 seconds.
  path: Assets/Art_Blocking/Prefab7.prefab
  artifactKey: Guid(3b309a707a69db44b884960451642106) Importer(815301076,1909f56bfc062723c751e8b465ee728b)
Start importing Assets/Art_Blocking/Prefab7.prefab using Guid(3b309a707a69db44b884960451642106) Importer(815301076,1909f56bfc062723c751e8b465ee728b) (PreviewImporter) -> (artifact id: 'cb04bbd6c4a87e0b3a6f3d5092832558') in 0.0628732 seconds
Number of updated asset objects reloaded before import = 0Number of asset objects unloaded after import = 503

========================================================================
Received Import Request.
  Time since last request: 1.978214 seconds.
  path: Assets/Art_Blocking/Prefab7.prefab
  artifactKey: Guid(3b309a707a69db44b884960451642106) Importer(815301076,1909f56bfc062723c751e8b465ee728b)
Start importing Assets/Art_Blocking/Prefab7.prefab using Guid(3b309a707a69db44b884960451642106) Importer(815301076,1909f56bfc062723c751e8b465ee728b) (PreviewImporter) -> (artifact id: 'f51b365a26d0caca7d04e5d707cef927') in 0.0587749 seconds
Number of updated asset objects reloaded before import = 0Number of asset objects unloaded after import = 504

========================================================================
Received Import Request.
  Time since last request: 2.445603 seconds.
  path: Assets/Art_Blocking/Prefab7.prefab
  artifactKey: Guid(3b309a707a69db44b884960451642106) Importer(815301076,1909f56bfc062723c751e8b465ee728b)
Start importing Assets/Art_Blocking/Prefab7.prefab using Guid(3b309a707a69db44b884960451642106) Importer(815301076,1909f56bfc062723c751e8b465ee728b) (PreviewImporter) -> (artifact id: '3c57cff99f37502d9bd406e0a1720272') in 0.0545059 seconds
Number of updated asset objects reloaded before import = 0Number of asset objects unloaded after import = 505

========================================================================
Received Import Request.
  Time since last request: 4.270800 seconds.
  path: Assets/Art_Blocking/Prefab8.prefab
  artifactKey: Guid(1eb4316eaac90314ab4845ad4c2dd294) Importer(815301076,1909f56bfc062723c751e8b465ee728b)
Start importing Assets/Art_Blocking/Prefab8.prefab using Guid(1eb4316eaac90314ab4845ad4c2dd294) Importer(815301076,1909f56bfc062723c751e8b465ee728b) (PreviewImporter) -> (artifact id: 'd118e7943c2b94b84dc720bfe494931f') in 0.050171 seconds
Number of updated asset objects reloaded before import = 0Number of asset objects unloaded after import = 116

========================================================================
Received Import Request.
  Time since last request: 2.287608 seconds.
  path: Assets/Art_Blocking/Prefab8.prefab
  artifactKey: Guid(1eb4316eaac90314ab4845ad4c2dd294) Importer(815301076,1909f56bfc062723c751e8b465ee728b)
Start importing Assets/Art_Blocking/Prefab8.prefab using Guid(1eb4316eaac90314ab4845ad4c2dd294) Importer(815301076,1909f56bfc062723c751e8b465ee728b) (PreviewImporter) -> (artifact id: 'd4bdf09bcad2259b42db7d51ff0c40f9') in 0.0479198 seconds
Number of updated asset objects reloaded before import = 0Number of asset objects unloaded after import = 117

========================================================================
Received Import Request.
  Time since last request: 2.072555 seconds.
  path: Assets/Art_Blocking/Prefab8.prefab
  artifactKey: Guid(1eb4316eaac90314ab4845ad4c2dd294) Importer(815301076,1909f56bfc062723c751e8b465ee728b)
Start importing Assets/Art_Blocking/Prefab8.prefab using Guid(1eb4316eaac90314ab4845ad4c2dd294) Importer(815301076,1909f56bfc062723c751e8b465ee728b) (PreviewImporter) -> (artifact id: '4047d9c00ccf1952f801f2cd69d2ab47') in 0.0523061 seconds
Number of updated asset objects reloaded before import = 0Number of asset objects unloaded after import = 118

========================================================================
Received Import Request.
  Time since last request: 2.172177 seconds.
  path: Assets/Art_Blocking/Prefab8.prefab
  artifactKey: Guid(1eb4316eaac90314ab4845ad4c2dd294) Importer(815301076,1909f56bfc062723c751e8b465ee728b)
Start importing Assets/Art_Blocking/Prefab8.prefab using Guid(1eb4316eaac90314ab4845ad4c2dd294) Importer(815301076,1909f56bfc062723c751e8b465ee728b) (PreviewImporter) -> (artifact id: '79981a63306ceefb4c63291232f1bee1') in 0.0490376 seconds
Number of updated asset objects reloaded before import = 0Number of asset objects unloaded after import = 119

========================================================================
Received Prepare
Begin MonoManager ReloadAssembly
- Loaded All Assemblies, in  1.159 seconds
Refreshing native plugins compatible for Editor in 1.88 ms, found 3 plugins.
Native extension for WindowsStandalone target not found
Mono: successfully reloaded assembly
- Finished resetting the current domain, in  1.103 seconds
Domain Reload Profiling: 2252ms
	BeginReloadAssembly (327ms)
		ExecutionOrderSort (0ms)
		DisableScriptedObjects (30ms)
		BackupInstance (0ms)
		ReleaseScriptingObjects (0ms)
		CreateAndSetChildDomain (77ms)
	RebuildCommonClasses (55ms)
	RebuildNativeTypeToScriptingClass (19ms)
	initialDomainReloadingComplete (48ms)
	LoadAllAssembliesAndSetupDomain (699ms)
		LoadAssemblies (569ms)
		RebuildTransferFunctionScriptingTraits (0ms)
		AnalyzeDomain (281ms)
			TypeCache.Refresh (7ms)
				TypeCache.ScanAssembly (0ms)
			BuildScriptInfoCaches (255ms)
			ResolveRequiredComponents (15ms)
	FinalizeReload (1104ms)
		ReleaseScriptCaches (0ms)
		RebuildScriptCaches (0ms)
		SetupLoadedEditorAssemblies (810ms)
			LogAssemblyErrors (0ms)
			InitializePlatformSupportModulesInManaged (3ms)
			SetLoadedEditorAssemblies (6ms)
			BeforeProcessingInitializeOnLoad (200ms)
			ProcessInitializeOnLoadAttributes (501ms)
			ProcessInitializeOnLoadMethodAttributes (82ms)
			AfterProcessingInitializeOnLoad (17ms)
			EditorAssembliesLoaded (0ms)
		ExecutionOrderSort2 (0ms)
		AwakeInstancesAfterBackupRestoration (18ms)
Refreshing native plugins compatible for Editor in 2.31 ms, found 3 plugins.
Preloading 0 native plugins for Editor in 0.00 ms.
Unloading 15 Unused Serialized files (Serialized files now loaded: 0)
Unloading 6161 unused Assets / (4.9 MB). Loaded Objects now: 6928.
Memory consumption went from 156.7 MB to 151.8 MB.
Total: 11.976800 ms (FindLiveObjects: 1.150200 ms CreateObjectMapping: 1.159600 ms MarkObjects: 6.355100 ms  DeleteObjects: 3.310200 ms)

Prepare: number of updated asset objects reloaded= 0
========================================================================
Received Prepare
Begin MonoManager ReloadAssembly
- Loaded All Assemblies, in  1.120 seconds
Refreshing native plugins compatible for Editor in 1.99 ms, found 3 plugins.
Native extension for WindowsStandalone target not found
Mono: successfully reloaded assembly
- Finished resetting the current domain, in  1.107 seconds
Domain Reload Profiling: 2220ms
	BeginReloadAssembly (287ms)
		ExecutionOrderSort (0ms)
		DisableScriptedObjects (10ms)
		BackupInstance (0ms)
		ReleaseScriptingObjects (0ms)
		CreateAndSetChildDomain (59ms)
	RebuildCommonClasses (53ms)
	RebuildNativeTypeToScriptingClass (22ms)
	initialDomainReloadingComplete (49ms)
	LoadAllAssembliesAndSetupDomain (702ms)
		LoadAssemblies (570ms)
		RebuildTransferFunctionScriptingTraits (0ms)
		AnalyzeDomain (281ms)
			TypeCache.Refresh (11ms)
				TypeCache.ScanAssembly (0ms)
			BuildScriptInfoCaches (242ms)
			ResolveRequiredComponents (23ms)
	FinalizeReload (1108ms)
		ReleaseScriptCaches (0ms)
		RebuildScriptCaches (0ms)
		SetupLoadedEditorAssemblies (823ms)
			LogAssemblyErrors (0ms)
			InitializePlatformSupportModulesInManaged (4ms)
			SetLoadedEditorAssemblies (7ms)
			BeforeProcessingInitializeOnLoad (202ms)
			ProcessInitializeOnLoadAttributes (511ms)
			ProcessInitializeOnLoadMethodAttributes (85ms)
			AfterProcessingInitializeOnLoad (14ms)
			EditorAssembliesLoaded (0ms)
		ExecutionOrderSort2 (0ms)
		AwakeInstancesAfterBackupRestoration (21ms)
Refreshing native plugins compatible for Editor in 2.17 ms, found 3 plugins.
Preloading 0 native plugins for Editor in 0.00 ms.
Unloading 15 Unused Serialized files (Serialized files now loaded: 0)
Unloading 6161 unused Assets / (4.6 MB). Loaded Objects now: 6930.
Memory consumption went from 156.5 MB to 151.9 MB.
Total: 12.068200 ms (FindLiveObjects: 1.169200 ms CreateObjectMapping: 0.772200 ms MarkObjects: 6.737500 ms  DeleteObjects: 3.387800 ms)

Prepare: number of updated asset objects reloaded= 0
========================================================================
Received Prepare
Begin MonoManager ReloadAssembly
- Loaded All Assemblies, in  1.175 seconds
Refreshing native plugins compatible for Editor in 2.38 ms, found 3 plugins.
Native extension for WindowsStandalone target not found
Mono: successfully reloaded assembly
- Finished resetting the current domain, in  1.125 seconds
Domain Reload Profiling: 2291ms
	BeginReloadAssembly (296ms)
		ExecutionOrderSort (0ms)
		DisableScriptedObjects (10ms)
		BackupInstance (0ms)
		ReleaseScriptingObjects (0ms)
		CreateAndSetChildDomain (58ms)
	RebuildCommonClasses (61ms)
	RebuildNativeTypeToScriptingClass (20ms)
	initialDomainReloadingComplete (53ms)
	LoadAllAssembliesAndSetupDomain (736ms)
		LoadAssemblies (618ms)
		RebuildTransferFunctionScriptingTraits (0ms)
		AnalyzeDomain (279ms)
			TypeCache.Refresh (8ms)
				TypeCache.ScanAssembly (0ms)
			BuildScriptInfoCaches (248ms)
			ResolveRequiredComponents (18ms)
	FinalizeReload (1126ms)
		ReleaseScriptCaches (0ms)
		RebuildScriptCaches (0ms)
		SetupLoadedEditorAssemblies (824ms)
			LogAssemblyErrors (0ms)
			InitializePlatformSupportModulesInManaged (3ms)
			SetLoadedEditorAssemblies (6ms)
			BeforeProcessingInitializeOnLoad (197ms)
			ProcessInitializeOnLoadAttributes (510ms)
			ProcessInitializeOnLoadMethodAttributes (93ms)
			AfterProcessingInitializeOnLoad (14ms)
			EditorAssembliesLoaded (0ms)
		ExecutionOrderSort2 (0ms)
		AwakeInstancesAfterBackupRestoration (27ms)
Refreshing native plugins compatible for Editor in 3.35 ms, found 3 plugins.
Preloading 0 native plugins for Editor in 0.00 ms.
Unloading 15 Unused Serialized files (Serialized files now loaded: 0)
Unloading 6161 unused Assets / (4.6 MB). Loaded Objects now: 6932.
Memory consumption went from 156.5 MB to 151.9 MB.
Total: 15.886200 ms (FindLiveObjects: 1.108300 ms CreateObjectMapping: 1.256600 ms MarkObjects: 9.057300 ms  DeleteObjects: 4.462300 ms)

Prepare: number of updated asset objects reloaded= 1
========================================================================
Received Import Request.
  Time since last request: 210.923331 seconds.
  path: Assets/Art_Blocking/Prefab1.prefab
  artifactKey: Guid(a42663f4484192241a458b78725991d5) Importer(815301076,1909f56bfc062723c751e8b465ee728b)
Start importing Assets/Art_Blocking/Prefab1.prefab using Guid(a42663f4484192241a458b78725991d5) Importer(815301076,1909f56bfc062723c751e8b465ee728b) (PreviewImporter) -> (artifact id: 'fa8836cd2b23cf843d0765a0d18b0f5b') in 0.8975557 seconds
Number of updated asset objects reloaded before import = 0Number of asset objects unloaded after import = 414

========================================================================
Received Import Request.
  Time since last request: 0.000036 seconds.
  path: Assets/Art_Blocking/Prefab5.prefab
  artifactKey: Guid(b7b9be7a5cbc8cd488fd8e3d77a3856d) Importer(815301076,1909f56bfc062723c751e8b465ee728b)
Start importing Assets/Art_Blocking/Prefab5.prefab using Guid(b7b9be7a5cbc8cd488fd8e3d77a3856d) Importer(815301076,1909f56bfc062723c751e8b465ee728b) (PreviewImporter) -> (artifact id: '04f053c064fbf4da19010e25f5ca18f8') in 0.0700506 seconds
Number of updated asset objects reloaded before import = 0Number of asset objects unloaded after import = 552

========================================================================
Received Import Request.
  Time since last request: 0.000082 seconds.
  path: Assets/Art_Blocking/Prefab4.prefab
  artifactKey: Guid(23bc7153c8c333745bce23312a3c7d48) Importer(815301076,1909f56bfc062723c751e8b465ee728b)
Start importing Assets/Art_Blocking/Prefab4.prefab using Guid(23bc7153c8c333745bce23312a3c7d48) Importer(815301076,1909f56bfc062723c751e8b465ee728b) (PreviewImporter) -> (artifact id: 'd36871a0ea7dda0c2479123d16f342f8') in 0.0724118 seconds
Number of updated asset objects reloaded before import = 0Number of asset objects unloaded after import = 490

========================================================================
Received Import Request.
  Time since last request: 0.000044 seconds.
  path: Assets/Art_Blocking/Prefab6.prefab
  artifactKey: Guid(e81b2384ee20ad648b7114553f9d75e7) Importer(815301076,1909f56bfc062723c751e8b465ee728b)
Start importing Assets/Art_Blocking/Prefab6.prefab using Guid(e81b2384ee20ad648b7114553f9d75e7) Importer(815301076,1909f56bfc062723c751e8b465ee728b) (PreviewImporter) -> (artifact id: '150460479de0ad975705c233dfab6893') in 0.0687554 seconds
Number of updated asset objects reloaded before import = 0Number of asset objects unloaded after import = 709

========================================================================
Received Import Request.
  Time since last request: 0.000047 seconds.
  path: Assets/Art_Blocking/Prefab7.prefab
  artifactKey: Guid(3b309a707a69db44b884960451642106) Importer(815301076,1909f56bfc062723c751e8b465ee728b)
Start importing Assets/Art_Blocking/Prefab7.prefab using Guid(3b309a707a69db44b884960451642106) Importer(815301076,1909f56bfc062723c751e8b465ee728b) (PreviewImporter) -> (artifact id: '882fb67f3371c6587c2fef42dfe9a110') in 0.0706863 seconds
Number of updated asset objects reloaded before import = 0Number of asset objects unloaded after import = 505

========================================================================
Received Import Request.
  Time since last request: 4.425400 seconds.
  path: Assets/Art_Blocking/Prefab1.prefab
  artifactKey: Guid(a42663f4484192241a458b78725991d5) Importer(815301076,1909f56bfc062723c751e8b465ee728b)
Start importing Assets/Art_Blocking/Prefab1.prefab using Guid(a42663f4484192241a458b78725991d5) Importer(815301076,1909f56bfc062723c751e8b465ee728b) (PreviewImporter) -> (artifact id: 'd9bdfb20a1dd0036d715ab7e53a72066') in 0.0802884 seconds
Number of updated asset objects reloaded before import = 0Number of asset objects unloaded after import = 414

========================================================================
Received Import Request.
  Time since last request: 17.351077 seconds.
  path: Assets/Art_Blocking/Prefab1.prefab
  artifactKey: Guid(a42663f4484192241a458b78725991d5) Importer(815301076,1909f56bfc062723c751e8b465ee728b)
Start importing Assets/Art_Blocking/Prefab1.prefab using Guid(a42663f4484192241a458b78725991d5) Importer(815301076,1909f56bfc062723c751e8b465ee728b) (PreviewImporter) -> (artifact id: '6416fd8a7726995341d109377cf7f853') in 0.0482774 seconds
Number of updated asset objects reloaded before import = 0Number of asset objects unloaded after import = 414

========================================================================
Received Import Request.
  Time since last request: 37.109695 seconds.
  path: Assets/Art_Assets/SM_Floor_Canal 1.fbx
  artifactKey: Guid(7e06d0bd7f18e764881fc58d4b5400ed) Importer(815301076,1909f56bfc062723c751e8b465ee728b)
Start importing Assets/Art_Assets/SM_Floor_Canal 1.fbx using Guid(7e06d0bd7f18e764881fc58d4b5400ed) Importer(815301076,1909f56bfc062723c751e8b465ee728b) (PreviewImporter) -> (artifact id: 'c9766b5ecea5c6be64bbd5c3b24181f1') in 0.1101904 seconds
Number of updated asset objects reloaded before import = 0Number of asset objects unloaded after import = 8

========================================================================
Received Import Request.
  Time since last request: 13.455223 seconds.
  path: Assets/Art_Assets/SM_MountainLP.fbx
  artifactKey: Guid(d5a8e86c682cbdb4d909f693d8515c57) Importer(815301076,1909f56bfc062723c751e8b465ee728b)
Start importing Assets/Art_Assets/SM_MountainLP.fbx using Guid(d5a8e86c682cbdb4d909f693d8515c57) Importer(815301076,1909f56bfc062723c751e8b465ee728b) (PreviewImporter) -> (artifact id: '56a9d3ca68e85ab03f997efa3640d165') in 0.0332865 seconds
Number of updated asset objects reloaded before import = 0Number of asset objects unloaded after import = 8

========================================================================
Received Import Request.
  Time since last request: 1.459446 seconds.
  path: Assets/Art_Blocking/Prefab1.prefab
  artifactKey: Guid(a42663f4484192241a458b78725991d5) Importer(815301076,1909f56bfc062723c751e8b465ee728b)
Start importing Assets/Art_Blocking/Prefab1.prefab using Guid(a42663f4484192241a458b78725991d5) Importer(815301076,1909f56bfc062723c751e8b465ee728b) (PreviewImporter) -> (artifact id: 'e4b1eddacea5e839907c65bb0ed81c41') in 0.0516634 seconds
Number of updated asset objects reloaded before import = 0Number of asset objects unloaded after import = 415

========================================================================
Received Import Request.
  Time since last request: 1.256972 seconds.
  path: Assets/Art_Blocking/Prefab1.prefab
  artifactKey: Guid(a42663f4484192241a458b78725991d5) Importer(815301076,1909f56bfc062723c751e8b465ee728b)
Start importing Assets/Art_Blocking/Prefab1.prefab using Guid(a42663f4484192241a458b78725991d5) Importer(815301076,1909f56bfc062723c751e8b465ee728b) (PreviewImporter) -> (artifact id: 'ca1ff7954a0ee97dbe5f67ed36104cfb') in 0.0546198 seconds
Number of updated asset objects reloaded before import = 0Number of asset objects unloaded after import = 415

========================================================================
Received Import Request.
  Time since last request: 0.888720 seconds.
  path: Assets/Art_Blocking/Prefab1.prefab
  artifactKey: Guid(a42663f4484192241a458b78725991d5) Importer(815301076,1909f56bfc062723c751e8b465ee728b)
Start importing Assets/Art_Blocking/Prefab1.prefab using Guid(a42663f4484192241a458b78725991d5) Importer(815301076,1909f56bfc062723c751e8b465ee728b) (PreviewImporter) -> (artifact id: '15dc0a64c49b59f89a61a38a4b8415eb') in 0.0493283 seconds
Number of updated asset objects reloaded before import = 0Number of asset objects unloaded after import = 414

========================================================================
Received Import Request.
  Time since last request: 14.196594 seconds.
  path: Assets/Art_Blocking/Prefab1.prefab
  artifactKey: Guid(a42663f4484192241a458b78725991d5) Importer(815301076,1909f56bfc062723c751e8b465ee728b)
Start importing Assets/Art_Blocking/Prefab1.prefab using Guid(a42663f4484192241a458b78725991d5) Importer(815301076,1909f56bfc062723c751e8b465ee728b) (PreviewImporter) -> (artifact id: '37f0a7b13e5748bd3a97e801b432f2d5') in 0.0751412 seconds
Number of updated asset objects reloaded before import = 0Number of asset objects unloaded after import = 414

========================================================================
Received Import Request.
  Time since last request: 7.996755 seconds.
  path: Assets/Art_Blocking/Prefab1.prefab
  artifactKey: Guid(a42663f4484192241a458b78725991d5) Importer(815301076,1909f56bfc062723c751e8b465ee728b)
Start importing Assets/Art_Blocking/Prefab1.prefab using Guid(a42663f4484192241a458b78725991d5) Importer(815301076,1909f56bfc062723c751e8b465ee728b) (PreviewImporter) -> (artifact id: '0e545cbe4a4fab07c23bc3bb90592548') in 0.0514435 seconds
Number of updated asset objects reloaded before import = 0Number of asset objects unloaded after import = 415

========================================================================
Received Import Request.
  Time since last request: 1.342240 seconds.
  path: Assets/Art_Blocking/Prefab1.prefab
  artifactKey: Guid(a42663f4484192241a458b78725991d5) Importer(815301076,1909f56bfc062723c751e8b465ee728b)
Start importing Assets/Art_Blocking/Prefab1.prefab using Guid(a42663f4484192241a458b78725991d5) Importer(815301076,1909f56bfc062723c751e8b465ee728b) (PreviewImporter) -> (artifact id: '69275ae894439c2443da8436962077bf') in 0.0513216 seconds
Number of updated asset objects reloaded before import = 0Number of asset objects unloaded after import = 414

========================================================================
Received Import Request.
  Time since last request: 4.259455 seconds.
  path: Assets/Art_Blocking/Prefab1.prefab
  artifactKey: Guid(a42663f4484192241a458b78725991d5) Importer(815301076,1909f56bfc062723c751e8b465ee728b)
Start importing Assets/Art_Blocking/Prefab1.prefab using Guid(a42663f4484192241a458b78725991d5) Importer(815301076,1909f56bfc062723c751e8b465ee728b) (PreviewImporter) -> (artifact id: 'f31c8360a9d36949651b8b775d784ddc') in 0.0520486 seconds
Number of updated asset objects reloaded before import = 0Number of asset objects unloaded after import = 414

========================================================================
Received Import Request.
  Time since last request: 11.438011 seconds.
  path: Assets/Art_Blocking/Prefab2.prefab
  artifactKey: Guid(b2e8947720769c84aaa94829bf7ff6a2) Importer(815301076,1909f56bfc062723c751e8b465ee728b)
Start importing Assets/Art_Blocking/Prefab2.prefab using Guid(b2e8947720769c84aaa94829bf7ff6a2) Importer(815301076,1909f56bfc062723c751e8b465ee728b) (PreviewImporter) -> (artifact id: 'de96a85a21b7e8391bbda0b56c2074ac') in 0.0556351 seconds
Number of updated asset objects reloaded before import = 0Number of asset objects unloaded after import = 653

========================================================================
Received Import Request.
  Time since last request: 0.510016 seconds.
  path: Assets/Art_Blocking/Prefab2.prefab
  artifactKey: Guid(b2e8947720769c84aaa94829bf7ff6a2) Importer(815301076,1909f56bfc062723c751e8b465ee728b)
Start importing Assets/Art_Blocking/Prefab2.prefab using Guid(b2e8947720769c84aaa94829bf7ff6a2) Importer(815301076,1909f56bfc062723c751e8b465ee728b) (PreviewImporter) -> (artifact id: '3750bbcbce2e20eb13c9baca47df596f') in 0.0616594 seconds
Number of updated asset objects reloaded before import = 0Number of asset objects unloaded after import = 652

========================================================================
Received Import Request.
  Time since last request: 4.005114 seconds.
  path: Assets/Art_Blocking/Prefab2.prefab
  artifactKey: Guid(b2e8947720769c84aaa94829bf7ff6a2) Importer(815301076,1909f56bfc062723c751e8b465ee728b)
Start importing Assets/Art_Blocking/Prefab2.prefab using Guid(b2e8947720769c84aaa94829bf7ff6a2) Importer(815301076,1909f56bfc062723c751e8b465ee728b) (PreviewImporter) -> (artifact id: 'b973402993144f933b48c7fccd3cf045') in 0.0497675 seconds
Number of updated asset objects reloaded before import = 0Number of asset objects unloaded after import = 652

========================================================================
Received Import Request.
  Time since last request: 2.922965 seconds.
  path: Assets/Art_Blocking/Prefab2.prefab
  artifactKey: Guid(b2e8947720769c84aaa94829bf7ff6a2) Importer(815301076,1909f56bfc062723c751e8b465ee728b)
Start importing Assets/Art_Blocking/Prefab2.prefab using Guid(b2e8947720769c84aaa94829bf7ff6a2) Importer(815301076,1909f56bfc062723c751e8b465ee728b) (PreviewImporter) -> (artifact id: '63e9e435a233fb8c36b5e0bf610e8cba') in 0.0669658 seconds
Number of updated asset objects reloaded before import = 0Number of asset objects unloaded after import = 652

========================================================================
Received Import Request.
  Time since last request: 2.356350 seconds.
  path: Assets/Art_Blocking/Prefab2.prefab
  artifactKey: Guid(b2e8947720769c84aaa94829bf7ff6a2) Importer(815301076,1909f56bfc062723c751e8b465ee728b)
Start importing Assets/Art_Blocking/Prefab2.prefab using Guid(b2e8947720769c84aaa94829bf7ff6a2) Importer(815301076,1909f56bfc062723c751e8b465ee728b) (PreviewImporter) -> (artifact id: '6467c5e918fe3c93b3bd07c92815c0f3') in 0.0579135 seconds
Number of updated asset objects reloaded before import = 0Number of asset objects unloaded after import = 652

========================================================================
Received Import Request.
  Time since last request: 26.655669 seconds.
  path: Assets/Art_Blocking/Prefab3.prefab
  artifactKey: Guid(968e7dd28906ddc46a103207a6cc5c79) Importer(815301076,1909f56bfc062723c751e8b465ee728b)
Start importing Assets/Art_Blocking/Prefab3.prefab using Guid(968e7dd28906ddc46a103207a6cc5c79) Importer(815301076,1909f56bfc062723c751e8b465ee728b) (PreviewImporter) -> (artifact id: 'c0393b86033d54c824e0fb93bc3212b7') in 0.0543707 seconds
Number of updated asset objects reloaded before import = 0Number of asset objects unloaded after import = 361

========================================================================
Received Import Request.
  Time since last request: 3.009687 seconds.
  path: Assets/Art_Blocking/Prefab3.prefab
  artifactKey: Guid(968e7dd28906ddc46a103207a6cc5c79) Importer(815301076,1909f56bfc062723c751e8b465ee728b)
Start importing Assets/Art_Blocking/Prefab3.prefab using Guid(968e7dd28906ddc46a103207a6cc5c79) Importer(815301076,1909f56bfc062723c751e8b465ee728b) (PreviewImporter) -> (artifact id: '594477137a08c03f902454665fcb59ce') in 0.0522345 seconds
Number of updated asset objects reloaded before import = 0Number of asset objects unloaded after import = 361

========================================================================
Received Import Request.
  Time since last request: 7.777691 seconds.
  path: Assets/Art_Blocking/Prefab3.prefab
  artifactKey: Guid(968e7dd28906ddc46a103207a6cc5c79) Importer(815301076,1909f56bfc062723c751e8b465ee728b)
Start importing Assets/Art_Blocking/Prefab3.prefab using Guid(968e7dd28906ddc46a103207a6cc5c79) Importer(815301076,1909f56bfc062723c751e8b465ee728b) (PreviewImporter) -> (artifact id: 'acc82c5955fbef2869ae2406fd92e002') in 0.0547562 seconds
Number of updated asset objects reloaded before import = 0Number of asset objects unloaded after import = 362

========================================================================
Received Import Request.
  Time since last request: 0.589669 seconds.
  path: Assets/Art_Blocking/Prefab3.prefab
  artifactKey: Guid(968e7dd28906ddc46a103207a6cc5c79) Importer(815301076,1909f56bfc062723c751e8b465ee728b)
Start importing Assets/Art_Blocking/Prefab3.prefab using Guid(968e7dd28906ddc46a103207a6cc5c79) Importer(815301076,1909f56bfc062723c751e8b465ee728b) (PreviewImporter) -> (artifact id: 'b4576004f6e70924e82c52918b05f4be') in 0.0578968 seconds
Number of updated asset objects reloaded before import = 0Number of asset objects unloaded after import = 361

========================================================================
Received Import Request.
  Time since last request: 5.255891 seconds.
  path: Assets/Art_Blocking/Prefab3.prefab
  artifactKey: Guid(968e7dd28906ddc46a103207a6cc5c79) Importer(815301076,1909f56bfc062723c751e8b465ee728b)
Start importing Assets/Art_Blocking/Prefab3.prefab using Guid(968e7dd28906ddc46a103207a6cc5c79) Importer(815301076,1909f56bfc062723c751e8b465ee728b) (PreviewImporter) -> (artifact id: 'e2d47a737fb22b84fc7aa60e56b54dd5') in 0.0531537 seconds
Number of updated asset objects reloaded before import = 0Number of asset objects unloaded after import = 361

========================================================================
Received Import Request.
  Time since last request: 0.795460 seconds.
  path: Assets/Art_Blocking/Prefab3.prefab
  artifactKey: Guid(968e7dd28906ddc46a103207a6cc5c79) Importer(815301076,1909f56bfc062723c751e8b465ee728b)
Start importing Assets/Art_Blocking/Prefab3.prefab using Guid(968e7dd28906ddc46a103207a6cc5c79) Importer(815301076,1909f56bfc062723c751e8b465ee728b) (PreviewImporter) -> (artifact id: '1df24ea046c9ccb44614b4874d0568de') in 0.0550583 seconds
Number of updated asset objects reloaded before import = 0Number of asset objects unloaded after import = 362

========================================================================
Received Import Request.
  Time since last request: 0.770684 seconds.
  path: Assets/Art_Blocking/Prefab3.prefab
  artifactKey: Guid(968e7dd28906ddc46a103207a6cc5c79) Importer(815301076,1909f56bfc062723c751e8b465ee728b)
Start importing Assets/Art_Blocking/Prefab3.prefab using Guid(968e7dd28906ddc46a103207a6cc5c79) Importer(815301076,1909f56bfc062723c751e8b465ee728b) (PreviewImporter) -> (artifact id: '4ba16be6af7ca96baa9c166d4c5511b4') in 0.0530308 seconds
Number of updated asset objects reloaded before import = 0Number of asset objects unloaded after import = 361

========================================================================
Received Import Request.
  Time since last request: 3.397330 seconds.
  path: Assets/Training_dummy/Mesh/training_dummy.fbx
  artifactKey: Guid(63a9ac7cbff5d8f4ab9ff7f2905ed2ca) Importer(815301076,1909f56bfc062723c751e8b465ee728b)
Start importing Assets/Training_dummy/Mesh/training_dummy.fbx using Guid(63a9ac7cbff5d8f4ab9ff7f2905ed2ca) Importer(815301076,1909f56bfc062723c751e8b465ee728b) (PreviewImporter) -> (artifact id: '7913e9d00974b1d4713c02ff31db7b64') in 0.1249242 seconds
Number of updated asset objects reloaded before import = 0Number of asset objects unloaded after import = 28

========================================================================
Received Import Request.
  Time since last request: 0.553524 seconds.
  path: Assets/Art_Blocking/Prefab3.prefab
  artifactKey: Guid(968e7dd28906ddc46a103207a6cc5c79) Importer(815301076,1909f56bfc062723c751e8b465ee728b)
Start importing Assets/Art_Blocking/Prefab3.prefab using Guid(968e7dd28906ddc46a103207a6cc5c79) Importer(815301076,1909f56bfc062723c751e8b465ee728b) (PreviewImporter) -> (artifact id: '35eb4eee5b675323c97ee98579e2bcce') in 0.0578979 seconds
Number of updated asset objects reloaded before import = 0Number of asset objects unloaded after import = 362

========================================================================
Received Import Request.
  Time since last request: 1.362161 seconds.
  path: Assets/Art_Blocking/Prefab3.prefab
  artifactKey: Guid(968e7dd28906ddc46a103207a6cc5c79) Importer(815301076,1909f56bfc062723c751e8b465ee728b)
Start importing Assets/Art_Blocking/Prefab3.prefab using Guid(968e7dd28906ddc46a103207a6cc5c79) Importer(815301076,1909f56bfc062723c751e8b465ee728b) (PreviewImporter) -> (artifact id: '8c5d9c014bf749ff425a1ed7d731b44e') in 0.0568707 seconds
Number of updated asset objects reloaded before import = 0Number of asset objects unloaded after import = 362

========================================================================
Received Import Request.
  Time since last request: 0.949988 seconds.
  path: Assets/Art_Blocking/Prefab3.prefab
  artifactKey: Guid(968e7dd28906ddc46a103207a6cc5c79) Importer(815301076,1909f56bfc062723c751e8b465ee728b)
Start importing Assets/Art_Blocking/Prefab3.prefab using Guid(968e7dd28906ddc46a103207a6cc5c79) Importer(815301076,1909f56bfc062723c751e8b465ee728b) (PreviewImporter) -> (artifact id: 'bb1869e328feb87a6205890e1d640ced') in 0.0506935 seconds
Number of updated asset objects reloaded before import = 0Number of asset objects unloaded after import = 361

========================================================================
Received Import Request.
  Time since last request: 8.088595 seconds.
  path: Assets/Art_Blocking/Prefab4.prefab
  artifactKey: Guid(23bc7153c8c333745bce23312a3c7d48) Importer(815301076,1909f56bfc062723c751e8b465ee728b)
Start importing Assets/Art_Blocking/Prefab4.prefab using Guid(23bc7153c8c333745bce23312a3c7d48) Importer(815301076,1909f56bfc062723c751e8b465ee728b) (PreviewImporter) -> (artifact id: '8e4745da1aa4b906face344f284c7cba') in 0.060375 seconds
Number of updated asset objects reloaded before import = 0Number of asset objects unloaded after import = 490

========================================================================
Received Import Request.
  Time since last request: 2.616301 seconds.
  path: Assets/Art_Blocking/Prefab4.prefab
  artifactKey: Guid(23bc7153c8c333745bce23312a3c7d48) Importer(815301076,1909f56bfc062723c751e8b465ee728b)
Start importing Assets/Art_Blocking/Prefab4.prefab using Guid(23bc7153c8c333745bce23312a3c7d48) Importer(815301076,1909f56bfc062723c751e8b465ee728b) (PreviewImporter) -> (artifact id: 'cc0761fb8217da0589ed1e98a2429e0d') in 0.0608301 seconds
Number of updated asset objects reloaded before import = 0Number of asset objects unloaded after import = 490

========================================================================
Received Import Request.
  Time since last request: 3.886198 seconds.
  path: Assets/Art_Blocking/Prefab4.prefab
  artifactKey: Guid(23bc7153c8c333745bce23312a3c7d48) Importer(815301076,1909f56bfc062723c751e8b465ee728b)
Start importing Assets/Art_Blocking/Prefab4.prefab using Guid(23bc7153c8c333745bce23312a3c7d48) Importer(815301076,1909f56bfc062723c751e8b465ee728b) (PreviewImporter) -> (artifact id: '7d8e9eca5e1b75631ce86d64e129bc02') in 0.0553719 seconds
Number of updated asset objects reloaded before import = 0Number of asset objects unloaded after import = 490

========================================================================
Received Import Request.
  Time since last request: 3.445760 seconds.
  path: Assets/Art_Blocking/Prefab4.prefab
  artifactKey: Guid(23bc7153c8c333745bce23312a3c7d48) Importer(815301076,1909f56bfc062723c751e8b465ee728b)
Start importing Assets/Art_Blocking/Prefab4.prefab using Guid(23bc7153c8c333745bce23312a3c7d48) Importer(815301076,1909f56bfc062723c751e8b465ee728b) (PreviewImporter) -> (artifact id: '23d58dd4b7c5dd69a99ab9462159e287') in 0.0568731 seconds
Number of updated asset objects reloaded before import = 0Number of asset objects unloaded after import = 490

========================================================================
Received Import Request.
  Time since last request: 8.135939 seconds.
  path: Assets/Art_Blocking/Prefab5.prefab
  artifactKey: Guid(b7b9be7a5cbc8cd488fd8e3d77a3856d) Importer(815301076,1909f56bfc062723c751e8b465ee728b)
Start importing Assets/Art_Blocking/Prefab5.prefab using Guid(b7b9be7a5cbc8cd488fd8e3d77a3856d) Importer(815301076,1909f56bfc062723c751e8b465ee728b) (PreviewImporter) -> (artifact id: 'f422e8eddf9d8bc136a4571e73ceb2cc') in 0.0517641 seconds
Number of updated asset objects reloaded before import = 0Number of asset objects unloaded after import = 552

========================================================================
Received Import Request.
  Time since last request: 3.462238 seconds.
  path: Assets/Art_Blocking/Prefab5.prefab
  artifactKey: Guid(b7b9be7a5cbc8cd488fd8e3d77a3856d) Importer(815301076,1909f56bfc062723c751e8b465ee728b)
Start importing Assets/Art_Blocking/Prefab5.prefab using Guid(b7b9be7a5cbc8cd488fd8e3d77a3856d) Importer(815301076,1909f56bfc062723c751e8b465ee728b) (PreviewImporter) -> (artifact id: '530e88de08d22d598c8dab783e0e04e6') in 0.0526116 seconds
Number of updated asset objects reloaded before import = 0Number of asset objects unloaded after import = 552

========================================================================
Received Import Request.
  Time since last request: 3.749091 seconds.
  path: Assets/Art_Blocking/Prefab5.prefab
  artifactKey: Guid(b7b9be7a5cbc8cd488fd8e3d77a3856d) Importer(815301076,1909f56bfc062723c751e8b465ee728b)
Start importing Assets/Art_Blocking/Prefab5.prefab using Guid(b7b9be7a5cbc8cd488fd8e3d77a3856d) Importer(815301076,1909f56bfc062723c751e8b465ee728b) (PreviewImporter) -> (artifact id: '8da6bdfba12adf7cc1ae9efe98119694') in 0.058181 seconds
Number of updated asset objects reloaded before import = 0Number of asset objects unloaded after import = 552

========================================================================
Received Import Request.
  Time since last request: 2.743469 seconds.
  path: Assets/Art_Blocking/Prefab5.prefab
  artifactKey: Guid(b7b9be7a5cbc8cd488fd8e3d77a3856d) Importer(815301076,1909f56bfc062723c751e8b465ee728b)
Start importing Assets/Art_Blocking/Prefab5.prefab using Guid(b7b9be7a5cbc8cd488fd8e3d77a3856d) Importer(815301076,1909f56bfc062723c751e8b465ee728b) (PreviewImporter) -> (artifact id: 'd78060934d38ee348871bb69c1b84f7e') in 0.0492639 seconds
Number of updated asset objects reloaded before import = 0Number of asset objects unloaded after import = 552

========================================================================
Received Import Request.
  Time since last request: 7.773029 seconds.
  path: Assets/Art_Blocking/Prefab6.prefab
  artifactKey: Guid(e81b2384ee20ad648b7114553f9d75e7) Importer(815301076,1909f56bfc062723c751e8b465ee728b)
Start importing Assets/Art_Blocking/Prefab6.prefab using Guid(e81b2384ee20ad648b7114553f9d75e7) Importer(815301076,1909f56bfc062723c751e8b465ee728b) (PreviewImporter) -> (artifact id: '25a64dd1e42a064a3ee0f7df660eff32') in 0.0603403 seconds
Number of updated asset objects reloaded before import = 0Number of asset objects unloaded after import = 709

========================================================================
Received Import Request.
  Time since last request: 4.525328 seconds.
  path: Assets/Art_Blocking/Prefab6.prefab
  artifactKey: Guid(e81b2384ee20ad648b7114553f9d75e7) Importer(815301076,1909f56bfc062723c751e8b465ee728b)
Start importing Assets/Art_Blocking/Prefab6.prefab using Guid(e81b2384ee20ad648b7114553f9d75e7) Importer(815301076,1909f56bfc062723c751e8b465ee728b) (PreviewImporter) -> (artifact id: '4b4e25781c8dc6ac72c86e7fc3b00500') in 0.0600993 seconds
Number of updated asset objects reloaded before import = 0Number of asset objects unloaded after import = 709

========================================================================
Received Import Request.
  Time since last request: 2.694279 seconds.
  path: Assets/Art_Blocking/Prefab6.prefab
  artifactKey: Guid(e81b2384ee20ad648b7114553f9d75e7) Importer(815301076,1909f56bfc062723c751e8b465ee728b)
Start importing Assets/Art_Blocking/Prefab6.prefab using Guid(e81b2384ee20ad648b7114553f9d75e7) Importer(815301076,1909f56bfc062723c751e8b465ee728b) (PreviewImporter) -> (artifact id: '7e2b6591b73199f6f6f61734e77f4c72') in 0.0636569 seconds
Number of updated asset objects reloaded before import = 0Number of asset objects unloaded after import = 709

========================================================================
Received Import Request.
  Time since last request: 2.867067 seconds.
  path: Assets/Art_Blocking/Prefab6.prefab
  artifactKey: Guid(e81b2384ee20ad648b7114553f9d75e7) Importer(815301076,1909f56bfc062723c751e8b465ee728b)
Start importing Assets/Art_Blocking/Prefab6.prefab using Guid(e81b2384ee20ad648b7114553f9d75e7) Importer(815301076,1909f56bfc062723c751e8b465ee728b) (PreviewImporter) -> (artifact id: '7528299d4b78292093b0ddceaf8ea8ac') in 0.0617506 seconds
Number of updated asset objects reloaded before import = 0Number of asset objects unloaded after import = 709

========================================================================
Received Import Request.
  Time since last request: 5.109367 seconds.
  path: Assets/Art_Blocking/Prefab7.prefab
  artifactKey: Guid(3b309a707a69db44b884960451642106) Importer(815301076,1909f56bfc062723c751e8b465ee728b)
Start importing Assets/Art_Blocking/Prefab7.prefab using Guid(3b309a707a69db44b884960451642106) Importer(815301076,1909f56bfc062723c751e8b465ee728b) (PreviewImporter) -> (artifact id: '67bb92c12d5861f81e40038516f9e2b1') in 0.0623201 seconds
Number of updated asset objects reloaded before import = 0Number of asset objects unloaded after import = 505

========================================================================
Received Import Request.
  Time since last request: 2.786862 seconds.
  path: Assets/Art_Blocking/Prefab7.prefab
  artifactKey: Guid(3b309a707a69db44b884960451642106) Importer(815301076,1909f56bfc062723c751e8b465ee728b)
Start importing Assets/Art_Blocking/Prefab7.prefab using Guid(3b309a707a69db44b884960451642106) Importer(815301076,1909f56bfc062723c751e8b465ee728b) (PreviewImporter) -> (artifact id: '85dcb83ab1f8d63f437adcc193bda126') in 0.0563426 seconds
Number of updated asset objects reloaded before import = 0Number of asset objects unloaded after import = 505

========================================================================
Received Import Request.
  Time since last request: 3.911727 seconds.
  path: Assets/Art_Blocking/Prefab7.prefab
  artifactKey: Guid(3b309a707a69db44b884960451642106) Importer(815301076,1909f56bfc062723c751e8b465ee728b)
Start importing Assets/Art_Blocking/Prefab7.prefab using Guid(3b309a707a69db44b884960451642106) Importer(815301076,1909f56bfc062723c751e8b465ee728b) (PreviewImporter) -> (artifact id: '8939207210bee329ef2d7f0a405ef851') in 0.0530346 seconds
Number of updated asset objects reloaded before import = 0Number of asset objects unloaded after import = 505

========================================================================
Received Import Request.
  Time since last request: 7.093252 seconds.
  path: Assets/Art_Blocking/Prefab7.prefab
  artifactKey: Guid(3b309a707a69db44b884960451642106) Importer(815301076,1909f56bfc062723c751e8b465ee728b)
Start importing Assets/Art_Blocking/Prefab7.prefab using Guid(3b309a707a69db44b884960451642106) Importer(815301076,1909f56bfc062723c751e8b465ee728b) (PreviewImporter) -> (artifact id: 'f9bb22438d50a4205a1119a354456619') in 0.0640614 seconds
Number of updated asset objects reloaded before import = 0Number of asset objects unloaded after import = 505

========================================================================
Received Import Request.
  Time since last request: 4.219879 seconds.
  path: Assets/Art_Blocking/Prefab7.prefab
  artifactKey: Guid(3b309a707a69db44b884960451642106) Importer(815301076,1909f56bfc062723c751e8b465ee728b)
Start importing Assets/Art_Blocking/Prefab7.prefab using Guid(3b309a707a69db44b884960451642106) Importer(815301076,1909f56bfc062723c751e8b465ee728b) (PreviewImporter) -> (artifact id: '3283c063743630423ee89b34d6a977d7') in 0.0584945 seconds
Number of updated asset objects reloaded before import = 0Number of asset objects unloaded after import = 505

========================================================================
Received Import Request.
  Time since last request: 606.528100 seconds.
  path: Assets/Art_Blocking/Prefab8.prefab
  artifactKey: Guid(1eb4316eaac90314ab4845ad4c2dd294) Importer(815301076,1909f56bfc062723c751e8b465ee728b)
Start importing Assets/Art_Blocking/Prefab8.prefab using Guid(1eb4316eaac90314ab4845ad4c2dd294) Importer(815301076,1909f56bfc062723c751e8b465ee728b) (PreviewImporter) -> (artifact id: '89c0d3ad8b4d6c96ce8016771609ee6c') in 0.2330003 seconds
Number of updated asset objects reloaded before import = 0Number of asset objects unloaded after import = 120

========================================================================
Received Import Request.
  Time since last request: 0.348458 seconds.
  path: Assets/Art_Blocking/Prefab8.prefab
  artifactKey: Guid(1eb4316eaac90314ab4845ad4c2dd294) Importer(815301076,1909f56bfc062723c751e8b465ee728b)
Start importing Assets/Art_Blocking/Prefab8.prefab using Guid(1eb4316eaac90314ab4845ad4c2dd294) Importer(815301076,1909f56bfc062723c751e8b465ee728b) (PreviewImporter) -> (artifact id: 'c7524d1dbddb5063fca1cfe9e7c5c442') in 0.077626 seconds
Number of updated asset objects reloaded before import = 0Number of asset objects unloaded after import = 119

========================================================================
Received Import Request.
  Time since last request: 3.842217 seconds.
  path: Assets/Art_Blocking/Prefab8.prefab
  artifactKey: Guid(1eb4316eaac90314ab4845ad4c2dd294) Importer(815301076,1909f56bfc062723c751e8b465ee728b)
Start importing Assets/Art_Blocking/Prefab8.prefab using Guid(1eb4316eaac90314ab4845ad4c2dd294) Importer(815301076,1909f56bfc062723c751e8b465ee728b) (PreviewImporter) -> (artifact id: '7b37d5f77f2644f99796f30a2930c0a3') in 0.045402 seconds
Number of updated asset objects reloaded before import = 0Number of asset objects unloaded after import = 119

========================================================================
Received Import Request.
  Time since last request: 4.095133 seconds.
  path: Assets/Art_Blocking/Prefab8.prefab
  artifactKey: Guid(1eb4316eaac90314ab4845ad4c2dd294) Importer(815301076,1909f56bfc062723c751e8b465ee728b)
Start importing Assets/Art_Blocking/Prefab8.prefab using Guid(1eb4316eaac90314ab4845ad4c2dd294) Importer(815301076,1909f56bfc062723c751e8b465ee728b) (PreviewImporter) -> (artifact id: 'e09fb9bf5ad5bb64d111314c8f43ffe7') in 0.0529369 seconds
Number of updated asset objects reloaded before import = 0Number of asset objects unloaded after import = 119

========================================================================
Received Import Request.
  Time since last request: 4.025074 seconds.
  path: Assets/Art_Blocking/Prefab8.prefab
  artifactKey: Guid(1eb4316eaac90314ab4845ad4c2dd294) Importer(815301076,1909f56bfc062723c751e8b465ee728b)
Start importing Assets/Art_Blocking/Prefab8.prefab using Guid(1eb4316eaac90314ab4845ad4c2dd294) Importer(815301076,1909f56bfc062723c751e8b465ee728b) (PreviewImporter) -> (artifact id: '07f8b39afd93393b04785e778f232feb') in 0.0502036 seconds
Number of updated asset objects reloaded before import = 0Number of asset objects unloaded after import = 119

========================================================================
Received Import Request.
  Time since last request: 4.413719 seconds.
  path: Assets/Art_Blocking/Prefab8.prefab
  artifactKey: Guid(1eb4316eaac90314ab4845ad4c2dd294) Importer(815301076,1909f56bfc062723c751e8b465ee728b)
Start importing Assets/Art_Blocking/Prefab8.prefab using Guid(1eb4316eaac90314ab4845ad4c2dd294) Importer(815301076,1909f56bfc062723c751e8b465ee728b) (PreviewImporter) -> (artifact id: '9de9a48041d2f801ace625a88033c77b') in 0.0572603 seconds
Number of updated asset objects reloaded before import = 0Number of asset objects unloaded after import = 119

========================================================================
Received Import Request.
  Time since last request: 0.591218 seconds.
  path: Assets/Art_Blocking/Prefab8.prefab
  artifactKey: Guid(1eb4316eaac90314ab4845ad4c2dd294) Importer(815301076,1909f56bfc062723c751e8b465ee728b)
Start importing Assets/Art_Blocking/Prefab8.prefab using Guid(1eb4316eaac90314ab4845ad4c2dd294) Importer(815301076,1909f56bfc062723c751e8b465ee728b) (PreviewImporter) -> (artifact id: '7e2144b198c441fe94517db8f4088da6') in 0.0562281 seconds
Number of updated asset objects reloaded before import = 0Number of asset objects unloaded after import = 120

========================================================================
Received Import Request.
  Time since last request: 6.069313 seconds.
  path: Assets/Art_Blocking/Prefab8.prefab
  artifactKey: Guid(1eb4316eaac90314ab4845ad4c2dd294) Importer(815301076,1909f56bfc062723c751e8b465ee728b)
Start importing Assets/Art_Blocking/Prefab8.prefab using Guid(1eb4316eaac90314ab4845ad4c2dd294) Importer(815301076,1909f56bfc062723c751e8b465ee728b) (PreviewImporter) -> (artifact id: 'f221247ce9b600f009fddf9a068b1d50') in 0.0705693 seconds
Number of updated asset objects reloaded before import = 0Number of asset objects unloaded after import = 119

========================================================================
Received Prepare
Begin MonoManager ReloadAssembly
- Loaded All Assemblies, in  4.147 seconds
Refreshing native plugins compatible for Editor in 2.17 ms, found 3 plugins.
Native extension for WindowsStandalone target not found
Mono: successfully reloaded assembly
- Finished resetting the current domain, in  1.383 seconds
Domain Reload Profiling: 5513ms
	BeginReloadAssembly (670ms)
		ExecutionOrderSort (0ms)
		DisableScriptedObjects (30ms)
		BackupInstance (0ms)
		ReleaseScriptingObjects (0ms)
		CreateAndSetChildDomain (89ms)
	RebuildCommonClasses (196ms)
	RebuildNativeTypeToScriptingClass (18ms)
	initialDomainReloadingComplete (62ms)
	LoadAllAssembliesAndSetupDomain (3184ms)
		LoadAssemblies (3357ms)
		RebuildTransferFunctionScriptingTraits (0ms)
		AnalyzeDomain (312ms)
			TypeCache.Refresh (10ms)
				TypeCache.ScanAssembly (0ms)
			BuildScriptInfoCaches (280ms)
			ResolveRequiredComponents (17ms)
	FinalizeReload (1383ms)
		ReleaseScriptCaches (0ms)
		RebuildScriptCaches (0ms)
		SetupLoadedEditorAssemblies (903ms)
			LogAssemblyErrors (0ms)
			InitializePlatformSupportModulesInManaged (3ms)
			SetLoadedEditorAssemblies (7ms)
			BeforeProcessingInitializeOnLoad (213ms)
			ProcessInitializeOnLoadAttributes (575ms)
			ProcessInitializeOnLoadMethodAttributes (91ms)
			AfterProcessingInitializeOnLoad (13ms)
			EditorAssembliesLoaded (0ms)
		ExecutionOrderSort2 (0ms)
		AwakeInstancesAfterBackupRestoration (22ms)
Refreshing native plugins compatible for Editor in 2.74 ms, found 3 plugins.
Preloading 0 native plugins for Editor in 0.00 ms.
Unloading 15 Unused Serialized files (Serialized files now loaded: 0)
Unloading 6162 unused Assets / (4.2 MB). Loaded Objects now: 6991.
Memory consumption went from 171.0 MB to 166.8 MB.
Total: 13.004600 ms (FindLiveObjects: 1.102200 ms CreateObjectMapping: 1.329700 ms MarkObjects: 7.373300 ms  DeleteObjects: 3.197400 ms)

Prepare: number of updated asset objects reloaded= 0
========================================================================
Received Prepare
Begin MonoManager ReloadAssembly
- Loaded All Assemblies, in  1.181 seconds
Refreshing native plugins compatible for Editor in 3.38 ms, found 3 plugins.
Native extension for WindowsStandalone target not found
Mono: successfully reloaded assembly
- Finished resetting the current domain, in  1.225 seconds
Domain Reload Profiling: 2396ms
	BeginReloadAssembly (325ms)
		ExecutionOrderSort (0ms)
		DisableScriptedObjects (10ms)
		BackupInstance (0ms)
		ReleaseScriptingObjects (0ms)
		CreateAndSetChildDomain (67ms)
	RebuildCommonClasses (57ms)
	RebuildNativeTypeToScriptingClass (19ms)
	initialDomainReloadingComplete (44ms)
	LoadAllAssembliesAndSetupDomain (725ms)
		LoadAssemblies (602ms)
		RebuildTransferFunctionScriptingTraits (0ms)
		AnalyzeDomain (307ms)
			TypeCache.Refresh (9ms)
				TypeCache.ScanAssembly (0ms)
			BuildScriptInfoCaches (276ms)
			ResolveRequiredComponents (17ms)
	FinalizeReload (1226ms)
		ReleaseScriptCaches (0ms)
		RebuildScriptCaches (0ms)
		SetupLoadedEditorAssemblies (868ms)
			LogAssemblyErrors (0ms)
			InitializePlatformSupportModulesInManaged (4ms)
			SetLoadedEditorAssemblies (7ms)
			BeforeProcessingInitializeOnLoad (205ms)
			ProcessInitializeOnLoadAttributes (551ms)
			ProcessInitializeOnLoadMethodAttributes (87ms)
			AfterProcessingInitializeOnLoad (14ms)
			EditorAssembliesLoaded (0ms)
		ExecutionOrderSort2 (0ms)
		AwakeInstancesAfterBackupRestoration (23ms)
Refreshing native plugins compatible for Editor in 2.24 ms, found 3 plugins.
Preloading 0 native plugins for Editor in 0.00 ms.
Unloading 15 Unused Serialized files (Serialized files now loaded: 0)
Unloading 6161 unused Assets / (4.5 MB). Loaded Objects now: 6993.
Memory consumption went from 170.9 MB to 166.4 MB.
Total: 12.467400 ms (FindLiveObjects: 1.102500 ms CreateObjectMapping: 1.171800 ms MarkObjects: 6.822300 ms  DeleteObjects: 3.368800 ms)

Prepare: number of updated asset objects reloaded= 0
========================================================================
Received Prepare
Begin MonoManager ReloadAssembly
- Loaded All Assemblies, in  1.122 seconds
Refreshing native plugins compatible for Editor in 1.92 ms, found 3 plugins.
Native extension for WindowsStandalone target not found
Mono: successfully reloaded assembly
- Finished resetting the current domain, in  1.058 seconds
Domain Reload Profiling: 2170ms
	BeginReloadAssembly (286ms)
		ExecutionOrderSort (0ms)
		DisableScriptedObjects (10ms)
		BackupInstance (0ms)
		ReleaseScriptingObjects (0ms)
		CreateAndSetChildDomain (61ms)
	RebuildCommonClasses (58ms)
	RebuildNativeTypeToScriptingClass (18ms)
	initialDomainReloadingComplete (49ms)
	LoadAllAssembliesAndSetupDomain (700ms)
		LoadAssemblies (572ms)
		RebuildTransferFunctionScriptingTraits (0ms)
		AnalyzeDomain (281ms)
			TypeCache.Refresh (10ms)
				TypeCache.ScanAssembly (0ms)
			BuildScriptInfoCaches (250ms)
			ResolveRequiredComponents (18ms)
	FinalizeReload (1059ms)
		ReleaseScriptCaches (0ms)
		RebuildScriptCaches (0ms)
		SetupLoadedEditorAssemblies (790ms)
			LogAssemblyErrors (0ms)
			InitializePlatformSupportModulesInManaged (3ms)
			SetLoadedEditorAssemblies (5ms)
			BeforeProcessingInitializeOnLoad (204ms)
			ProcessInitializeOnLoadAttributes (477ms)
			ProcessInitializeOnLoadMethodAttributes (85ms)
			AfterProcessingInitializeOnLoad (15ms)
			EditorAssembliesLoaded (0ms)
		ExecutionOrderSort2 (0ms)
		AwakeInstancesAfterBackupRestoration (21ms)
Refreshing native plugins compatible for Editor in 2.13 ms, found 3 plugins.
Preloading 0 native plugins for Editor in 0.00 ms.
Unloading 15 Unused Serialized files (Serialized files now loaded: 0)
Unloading 6161 unused Assets / (4.5 MB). Loaded Objects now: 6995.
Memory consumption went from 170.9 MB to 166.4 MB.
Total: 11.635500 ms (FindLiveObjects: 1.100100 ms CreateObjectMapping: 0.838800 ms MarkObjects: 6.319000 ms  DeleteObjects: 3.376300 ms)

Prepare: number of updated asset objects reloaded= 0
